Release 14.7 - xst P.20131013 (lin64)
Copyright (c) 1995-2013 Xilinx, Inc.  All rights reserved.
--> 
Parameter TMPDIR set to xst/projnav.tmp


Total REAL time to Xst completion: 0.00 secs
Total CPU time to Xst completion: 0.06 secs
 
--> 
Parameter xsthdpdir set to xst


Total REAL time to Xst completion: 0.00 secs
Total CPU time to Xst completion: 0.06 secs
 
--> 
Reading design: top.prj

TABLE OF CONTENTS
  1) Synthesis Options Summary
  2) HDL Compilation
  3) Design Hierarchy Analysis
  4) HDL Analysis
  5) HDL Synthesis
     5.1) HDL Synthesis Report
  6) Advanced HDL Synthesis
     6.1) Advanced HDL Synthesis Report
  7) Low Level Synthesis
  8) Partition Report
  9) Final Report

=========================================================================
*                      Synthesis Options Summary                        *
=========================================================================
---- Source Parameters
Input File Name                    : "top.prj"
Input Format                       : mixed
Ignore Synthesis Constraint File   : NO

---- Target Parameters
Output File Name                   : "top"
Output Format                      : NGC
Target Device                      : CoolRunner2 CPLDs

---- Source Options
Top Module Name                    : top
Automatic FSM Extraction           : YES
FSM Encoding Algorithm             : Auto
Safe Implementation                : No
Mux Extraction                     : Yes
Resource Sharing                   : YES

---- Target Options
Add IO Buffers                     : YES
MACRO Preserve                     : YES
XOR Preserve                       : YES
Equivalent register Removal        : YES

---- General Options
Optimization Goal                  : Speed
Optimization Effort                : 1
Keep Hierarchy                     : Yes
Netlist Hierarchy                  : As_Optimized
RTL Output                         : Yes
Hierarchy Separator                : /
Bus Delimiter                      : <>
Case Specifier                     : Maintain
Verilog 2001                       : YES

---- Other Options
Clock Enable                       : YES
wysiwyg                            : NO

=========================================================================


=========================================================================
*                          HDL Compilation                              *
=========================================================================
Compiling vhdl file "/home/lab661/Documents/frolka/Digital-electronics-1/Labs/05-counter_binary/binary_counter/clock_enable.vhd" in Library work.
Architecture behavioral of Entity clock_enable is up to date.
Compiling vhdl file "/home/lab661/Documents/frolka/Digital-electronics-1/Labs/05-counter_binary/binary_counter/binary_cnt.vhd" in Library work.
Architecture behavioral of Entity binary_cnt is up to date.
Compiling vhdl file "/home/lab661/Documents/frolka/Digital-electronics-1/Labs/05-counter_binary/binary_counter/top.vhd" in Library work.
Entity <top> compiled.
ERROR:HDLParsers:800 - "/home/lab661/Documents/frolka/Digital-electronics-1/Labs/05-counter_binary/binary_counter/top.vhd" Line 43. Type of g_NPERIOD is incompatible with type of 0110 0100.
ERROR:HDLParsers:800 - "/home/lab661/Documents/frolka/Digital-electronics-1/Labs/05-counter_binary/binary_counter/top.vhd" Line 63. Type of cnt_o is incompatible with type of s_cnt.
ERROR:HDLParsers:709 - "/home/lab661/Documents/frolka/Digital-electronics-1/Labs/05-counter_binary/binary_counter/top.vhd" Line 68. hex_to_7seg is not an entity name
--> 


Total memory usage is 488976 kilobytes

Number of errors   :    3 (   0 filtered)
Number of warnings :    0 (   0 filtered)
Number of infos    :    0 (   0 filtered)

